[0604/164636.886:ERROR:process_memory_win.cc(73)] ReadMemory at 0x7ff6a6d20000 of 64 bytes failed: Only part of a ReadProcessMemory or WriteProcessMemory request was completed. (0x12B)
[0604/164637.019:WARNING:pe_image_reader.cc(340)] could not read dos header from C:\Program Files (x86)\Google\Chrome\Application\chrome.exe
[0604/164637.019:ERROR:process_memory_win.cc(73)] ReadMemory at 0x7ff988d20000 of 64 bytes failed: Only part of a ReadProcessMemory or WriteProcessMemory request was completed. (0x12B)
[0604/164637.019:WARNING:pe_image_reader.cc(340)] could not read dos header from C:\Windows\SYSTEM32\ntdll.dll
[0604/164637.019:ERROR:process_memory_win.cc(73)] ReadMemory at 0x7ff987570000 of 64 bytes failed: Only part of a ReadProcessMemory or WriteProcessMemory request was completed. (0x12B)
[0604/164637.056:WARNING:pe_image_reader.cc(340)] could not read dos header from C:\Windows\System32\KERNEL32.DLL
[0604/164637.056:ERROR:process_memory_win.cc(73)] ReadMemory at 0x7ff986210000 of 64 bytes failed: Only part of a ReadProcessMemory or WriteProcessMemory request was completed. (0x12B)
[0604/164637.056:WARNING:pe_image_reader.cc(340)] could not read dos header from C:\Windows\System32\KERNELBASE.dll
[0604/164637.056:ERROR:process_memory_win.cc(73)] ReadMemory at 0x7ff948500000 of 64 bytes failed: Only part of a ReadProcessMemory or WriteProcessMemory request was completed. (0x12B)
[0604/164637.056:WARNING:pe_image_reader.cc(340)] could not read dos header from C:\Program Files (x86)\Google\Chrome\Application\83.0.4103.61\chrome_elf.dll
[0604/164637.056:ERROR:process_memory_win.cc(73)] ReadMemory at 0x7ff984b90000 of 64 bytes failed: Only part of a ReadProcessMemory or WriteProcessMemory request was completed. (0x12B)
[0604/164637.056:WARNING:pe_image_reader.cc(340)] could not read dos header from C:\Windows\SYSTEM32\VERSION.dll
[0604/164637.056:ERROR:process_memory_win.cc(73)] ReadMemory at 0x7ff987ad0000 of 64 bytes failed: Only part of a ReadProcessMemory or WriteProcessMemory request was completed. (0x12B)
[0604/164637.056:WARNING:pe_image_reader.cc(340)] could not read dos header from C:\Windows\System32\msvcrt.dll
[0604/164637.056:ERROR:process_memory_win.cc(73)] ReadMemory at 0x7ff986cd0000 of 64 bytes failed: Only part of a ReadProcessMemory or WriteProcessMemory request was completed. (0x12B)
[0604/164637.056:WARNING:pe_image_reader.cc(340)] could not read dos header from C:\Windows\System32\bcryptPrimitives.dll
[0604/164637.056:ERROR:process_memory_win.cc(73)] ReadMemory at 0x7ff987ff0000 of 64 bytes failed: Only part of a ReadProcessMemory or WriteProcessMemory request was completed. (0x12B)
[0604/164637.056:WARNING:pe_image_reader.cc(340)] could not read dos header from C:\Windows\System32\ADVAPI32.dll
[0604/164637.056:ERROR:process_memory_win.cc(73)] ReadMemory at 0x7ff9880a0000 of 64 bytes failed: Only part of a ReadProcessMemory or WriteProcessMemory request was completed. (0x12B)
[0604/164637.056:WARNING:pe_image_reader.cc(340)] could not read dos header from C:\Windows\System32\sechost.dll
[0604/164637.056:ERROR:process_memory_win.cc(73)] ReadMemory at 0x7ff988700000 of 64 bytes failed: Only part of a ReadProcessMemory or WriteProcessMemory request was completed. (0x12B)
[0604/164637.056:WARNING:pe_image_reader.cc(340)] could not read dos header from C:\Windows\System32\RPCRT4.dll
[0604/164637.056:ERROR:process_memory_win.cc(73)] ReadMemory at 0x7ff920540000 of 64 bytes failed: Only part of a ReadProcessMemory or WriteProcessMemory request was completed. (0x12B)
[0604/164637.056:WARNING:pe_image_reader.cc(340)] could not read dos header from C:\Program Files (x86)\Google\Chrome\Application\83.0.4103.61\chrome.dll
[0604/164637.056:ERROR:process_memory_win.cc(73)] ReadMemory at 0x7ff988990000 of 64 bytes failed: Only part of a ReadProcessMemory or WriteProcessMemory request was completed. (0x12B)
[0604/164637.056:WARNING:pe_image_reader.cc(340)] could not read dos header from C:\Windows\System32\WS2_32.dll
[0604/164637.056:ERROR:process_memory_win.cc(73)] ReadMemory at 0x7ff9888c0000 of 64 bytes failed: Only part of a ReadProcessMemory or WriteProcessMemory request was completed. (0x12B)
[0604/164637.056:WARNING:pe_image_reader.cc(340)] could not read dos header from C:\Windows\System32\OLEAUT32.dll
[0604/164637.056:ERROR:process_memory_win.cc(73)] ReadMemory at 0x7ff985d50000 of 64 bytes failed: Only part of a ReadProcessMemory or WriteProcessMemory request was completed. (0x12B)
[0604/164637.056:WARNING:pe_image_reader.cc(340)] could not read dos header from C:\Windows\System32\msvcp_win.dll
[0604/164637.056:ERROR:process_memory_win.cc(73)] ReadMemory at 0x7ff985fc0000 of 64 bytes failed: Only part of a ReadProcessMemory or WriteProcessMemory request was completed. (0x12B)
[0604/164637.056:WARNING:pe_image_reader.cc(340)] could not read dos header from C:\Windows\System32\ucrtbase.dll
[0604/164637.056:ERROR:process_memory_win.cc(73)] ReadMemory at 0x7ff988300000 of 64 bytes failed: Only part of a ReadProcessMemory or WriteProcessMemory request was completed. (0x12B)
[0604/164637.056:WARNING:pe_image_reader.cc(340)] could not read dos header from C:\Windows\System32\combase.dll
[0604/164637.056:ERROR:process_memory_win.cc(73)] ReadMemory at 0x7ff9864c0000 of 64 bytes failed: Only part of a ReadProcessMemory or WriteProcessMemory request was completed. (0x12B)
[0604/164637.056:WARNING:pe_image_reader.cc(340)] could not read dos header from C:\Windows\System32\WINTRUST.dll
[0604/164637.056:ERROR:process_memory_win.cc(73)] ReadMemory at 0x7ff985bc0000 of 64 bytes failed: Only part of a ReadProcessMemory or WriteProcessMemory request was completed. (0x12B)
[0604/164637.056:WARNING:pe_image_reader.cc(340)] could not read dos header from C:\Windows\System32\MSASN1.dll
[0604/164637.056:ERROR:process_memory_win.cc(73)] ReadMemory at 0x7ff9860c0000 of 64 bytes failed: Only part of a ReadProcessMemory or WriteProcessMemory request was completed. (0x12B)
[0604/164637.056:WARNING:pe_image_reader.cc(340)] could not read dos header from C:\Windows\System32\CRYPT32.dll
[0604/164637.056:ERROR:process_memory_win.cc(73)] ReadMemory at 0x7ff985130000 of 64 bytes failed: Only part of a ReadProcessMemory or WriteProcessMemory request was completed. (0x12B)
[0604/164637.056:WARNING:pe_image_reader.cc(340)] could not read dos header from C:\Windows\SYSTEM32\IPHLPAPI.DLL
[0604/164637.056:ERROR:process_memory_win.cc(73)] ReadMemory at 0x7ff981fd0000 of 64 bytes failed: Only part of a ReadProcessMemory or WriteProcessMemory request was completed. (0x12B)
[0604/164637.056:WARNING:pe_image_reader.cc(340)] could not read dos header from C:\Windows\SYSTEM32\WINMM.dll
[0604/164637.056:ERROR:process_memory_win.cc(73)] ReadMemory at 0x7ff984c60000 of 64 bytes failed: Only part of a ReadProcessMemory or WriteProcessMemory request was completed. (0x12B)
[0604/164637.056:WARNING:pe_image_reader.cc(340)] could not read dos header from C:\Windows\SYSTEM32\Secur32.dll
[0604/164637.056:ERROR:process_memory_win.cc(73)] ReadMemory at 0x7ff985ad0000 of 64 bytes failed: Only part of a ReadProcessMemory or WriteProcessMemory request was completed. (0x12B)
[0604/164637.056:WARNING:pe_image_reader.cc(340)] could not read dos header from C:\Windows\SYSTEM32\USERENV.dll
[0604/164637.056:ERROR:process_memory_win.cc(73)] ReadMemory at 0x7ff985be0000 of 64 bytes failed: Only part of a ReadProcessMemory or WriteProcessMemory request was completed. (0x12B)
[0604/164637.056:WARNING:pe_image_reader.cc(340)] could not read dos header from C:\Windows\System32\profapi.dll
[0604/164637.056:ERROR:process_memory_win.cc(73)] ReadMemory at 0x7ff959c20000 of 64 bytes failed: Only part of a ReadProcessMemory or WriteProcessMemory request was completed. (0x12B)
[0604/164637.056:WARNING:pe_image_reader.cc(340)] could not read dos header from C:\Windows\SYSTEM32\UIAutomationCore.DLL
[0604/164637.056:ERROR:process_memory_win.cc(73)] ReadMemory at 0x7ff9709f0000 of 64 bytes failed: Only part of a ReadProcessMemory or WriteProcessMemory request was completed. (0x12B)
[0604/164637.056:WARNING:pe_image_reader.cc(340)] could not read dos header from C:\Windows\SYSTEM32\DWrite.dll
[0604/164637.056:ERROR:process_memory_win.cc(73)] ReadMemory at 0x7ff966f60000 of 64 bytes failed: Only part of a ReadProcessMemory or WriteProcessMemory request was completed. (0x12B)
[0604/164637.056:WARNING:pe_image_reader.cc(340)] could not read dos header from C:\Windows\SYSTEM32\WINSPOOL.DRV
[0604/164637.056:ERROR:process_memory_win.cc(73)] ReadMemory at 0x7ff985c60000 of 64 bytes failed: Only part of a ReadProcessMemory or WriteProcessMemory request was completed. (0x12B)
[0604/164637.056:WARNING:pe_image_reader.cc(340)] could not read dos header from C:\Windows\System32\kernel.appcore.dll
[0604/164637.056:ERROR:process_memory_win.cc(73)] ReadMemory at 0x7ff986ca0000 of 64 bytes failed: Only part of a ReadProcessMemory or WriteProcessMemory request was completed. (0x12B)
[0604/164637.056:WARNING:pe_image_reader.cc(340)] could not read dos header from C:\Windows\System32\bcrypt.dll
[0604/164637.056:ERROR:process_memory_win.cc(73)] ReadMemory at 0x7ff9843a0000 of 64 bytes failed: Only part of a ReadProcessMemory or WriteProcessMemory request was completed. (0x12B)
[0604/164637.056:WARNING:pe_image_reader.cc(340)] could not read dos header from C:\Windows\SYSTEM32\dbghelp.dll
[0604/164637.056:ERROR:process_memory_win.cc(73)] ReadMemory at 0x7ff977580000 of 64 bytes failed: Only part of a ReadProcessMemory or WriteProcessMemory request was completed. (0x12B)
[0604/164637.056:WARNING:pe_image_reader.cc(340)] could not read dos header from C:\Windows\SYSTEM32\WINHTTP.dll
[0604/164637.056:ERROR:process_memory_win.cc(73)] ReadMemory at 0x7ff97bcd0000 of 64 bytes failed: Only part of a ReadProcessMemory or WriteProcessMemory request was completed. (0x12B)
[0604/164637.056:WARNING:pe_image_reader.cc(340)] could not read dos header from C:\Windows\SYSTEM32\dhcpcsvc.DLL
[0604/164637.056:ERROR:process_memory_win.cc(73)] ReadMemory at 0x7ff988c20000 of 64 bytes failed: Only part of a ReadProcessMemory or WriteProcessMemory request was completed. (0x12B)
[0604/164637.056:WARNING:pe_image_reader.cc(340)] could not read dos header from C:\Windows\System32\NSI.dll
[0604/164637.056:ERROR:process_memory_win.cc(73)] ReadMemory at 0x7ff981fa0000 of 64 bytes failed: Only part of a ReadProcessMemory or WriteProcessMemory request was completed. (0x12B)
[0604/164637.056:WARNING:pe_image_reader.cc(340)] could not read dos header from C:\Windows\SYSTEM32\WINMMBASE.dll
[0604/164637.056:ERROR:process_memory_win.cc(73)] ReadMemory at 0x7ff986d50000 of 64 bytes failed: Only part of a ReadProcessMemory or WriteProcessMemory request was completed. (0x12B)
[0604/164637.056:WARNING:pe_image_reader.cc(340)] could not read dos header from C:\Windows\System32\cfgmgr32.dll
[0604/164637.056:ERROR:process_memory_win.cc(73)] ReadMemory at 0x7ff9837c0000 of 64 bytes failed: Only part of a ReadProcessMemory or WriteProcessMemory request was completed. (0x12B)
[0604/164637.056:WARNING:pe_image_reader.cc(340)] could not read dos header from C:\Windows\SYSTEM32\PROPSYS.dll
[0604/164637.056:ERROR:process_memory_win.cc(73)] ReadMemory at 0x7ff988a00000 of 64 bytes failed: Only part of a ReadProcessMemory or WriteProcessMemory request was completed. (0x12B)
[0604/164637.056:WARNING:pe_image_reader.cc(340)] could not read dos header from C:\Windows\System32\shcore.dll
[0604/164637.056:ERROR:process_memory_win.cc(73)] ReadMemory at 0x7ff985aa0000 of 64 bytes failed: Only part of a ReadProcessMemory or WriteProcessMemory request was completed. (0x12B)
[0604/164637.056:WARNING:pe_image_reader.cc(340)] could not read dos header from C:\Windows\SYSTEM32\SSPICLI.DLL
[0604/164637.056:ERROR:process_memory_win.cc(73)] ReadMemory at 0x7ff9855f0000 of 64 bytes failed: Only part of a ReadProcessMemory or WriteProcessMemory request was completed. (0x12B)
[0604/164637.056:WARNING:pe_image_reader.cc(340)] could not read dos header from C:\Windows\SYSTEM32\CRYPTBASE.DLL
[0604/164637.065:ERROR:process_memory_win.cc(73)] ReadMemory at 0x7ff6a6d20000 of 64 bytes failed: Only part of a ReadProcessMemory or WriteProcessMemory request was completed. (0x12B)
[0604/164637.065:WARNING:pe_image_reader.cc(340)] could not read dos header from C:\Program Files (x86)\Google\Chrome\Application\chrome.exe
[0604/164637.065:ERROR:process_memory_win.cc(73)] ReadMemory at 0x7ff988d20000 of 64 bytes failed: Only part of a ReadProcessMemory or WriteProcessMemory request was completed. (0x12B)
[0604/164637.065:WARNING:pe_image_reader.cc(340)] could not read dos header from C:\Windows\SYSTEM32\ntdll.dll
[0604/164637.065:ERROR:process_memory_win.cc(73)] ReadMemory at 0x7ff987570000 of 64 bytes failed: Only part of a ReadProcessMemory or WriteProcessMemory request was completed. (0x12B)
[0604/164637.065:WARNING:pe_image_reader.cc(340)] could not read dos header from C:\Windows\System32\KERNEL32.DLL
[0604/164637.065:ERROR:process_memory_win.cc(73)] ReadMemory at 0x7ff986210000 of 64 bytes failed: Only part of a ReadProcessMemory or WriteProcessMemory request was completed. (0x12B)
[0604/164637.065:WARNING:pe_image_reader.cc(340)] could not read dos header from C:\Windows\System32\KERNELBASE.dll
[0604/164637.065:ERROR:process_memory_win.cc(73)] ReadMemory at 0x7ff948500000 of 64 bytes failed: Only part of a ReadProcessMemory or WriteProcessMemory request was completed. (0x12B)
[0604/164637.065:WARNING:pe_image_reader.cc(340)] could not read dos header from C:\Program Files (x86)\Google\Chrome\Application\83.0.4103.61\chrome_elf.dll
[0604/164637.065:ERROR:process_memory_win.cc(73)] ReadMemory at 0x7ff984b90000 of 64 bytes failed: Only part of a ReadProcessMemory or WriteProcessMemory request was completed. (0x12B)
[0604/164637.065:WARNING:pe_image_reader.cc(340)] could not read dos header from C:\Windows\SYSTEM32\VERSION.dll
[0604/164637.065:ERROR:process_memory_win.cc(73)] ReadMemory at 0x7ff987ad0000 of 64 bytes failed: Only part of a ReadProcessMemory or WriteProcessMemory request was completed. (0x12B)
[0604/164637.065:WARNING:pe_image_reader.cc(340)] could not read dos header from C:\Windows\System32\msvcrt.dll
[0604/164637.065:ERROR:process_memory_win.cc(73)] ReadMemory at 0x7ff986cd0000 of 64 bytes failed: Only part of a ReadProcessMemory or WriteProcessMemory request was completed. (0x12B)
[0604/164637.065:WARNING:pe_image_reader.cc(340)] could not read dos header from C:\Windows\System32\bcryptPrimitives.dll
[0604/164637.065:ERROR:process_memory_win.cc(73)] ReadMemory at 0x7ff987ff0000 of 64 bytes failed: Only part of a ReadProcessMemory or WriteProcessMemory request was completed. (0x12B)
[0604/164637.065:WARNING:pe_image_reader.cc(340)] could not read dos header from C:\Windows\System32\ADVAPI32.dll
[0604/164637.065:ERROR:process_memory_win.cc(73)] ReadMemory at 0x7ff9880a0000 of 64 bytes failed: Only part of a ReadProcessMemory or WriteProcessMemory request was completed. (0x12B)
[0604/164637.065:WARNING:pe_image_reader.cc(340)] could not read dos header from C:\Windows\System32\sechost.dll
[0604/164637.065:ERROR:process_memory_win.cc(73)] ReadMemory at 0x7ff988700000 of 64 bytes failed: Only part of a ReadProcessMemory or WriteProcessMemory request was completed. (0x12B)
[0604/164637.065:WARNING:pe_image_reader.cc(340)] could not read dos header from C:\Windows\System32\RPCRT4.dll
[0604/164637.065:ERROR:process_memory_win.cc(73)] ReadMemory at 0x7ff920540000 of 64 bytes failed: Only part of a ReadProcessMemory or WriteProcessMemory request was completed. (0x12B)
[0604/164637.065:WARNING:pe_image_reader.cc(340)] could not read dos header from C:\Program Files (x86)\Google\Chrome\Application\83.0.4103.61\chrome.dll
[0604/164637.065:ERROR:process_memory_win.cc(73)] ReadMemory at 0x7ff988990000 of 64 bytes failed: Only part of a ReadProcessMemory or WriteProcessMemory request was completed. (0x12B)
[0604/164637.065:WARNING:pe_image_reader.cc(340)] could not read dos header from C:\Windows\System32\WS2_32.dll
[0604/164637.065:ERROR:process_memory_win.cc(73)] ReadMemory at 0x7ff9888c0000 of 64 bytes failed: Only part of a ReadProcessMemory or WriteProcessMemory request was completed. (0x12B)
[0604/164637.065:WARNING:pe_image_reader.cc(340)] could not read dos header from C:\Windows\System32\OLEAUT32.dll
[0604/164637.070:ERROR:process_memory_win.cc(73)] ReadMemory at 0x7ff985d50000 of 64 bytes failed: Only part of a ReadProcessMemory or WriteProcessMemory request was completed. (0x12B)
[0604/164637.070:WARNING:pe_image_reader.cc(340)] could not read dos header from C:\Windows\System32\msvcp_win.dll
[0604/164637.070:ERROR:process_memory_win.cc(73)] ReadMemory at 0x7ff985fc0000 of 64 bytes failed: Only part of a ReadProcessMemory or WriteProcessMemory request was completed. (0x12B)
[0604/164637.070:WARNING:pe_image_reader.cc(340)] could not read dos header from C:\Windows\System32\ucrtbase.dll
[0604/164637.070:ERROR:process_memory_win.cc(73)] ReadMemory at 0x7ff988300000 of 64 bytes failed: Only part of a ReadProcessMemory or WriteProcessMemory request was completed. (0x12B)
[0604/164637.070:WARNING:pe_image_reader.cc(340)] could not read dos header from C:\Windows\System32\combase.dll
[0604/164637.070:ERROR:process_memory_win.cc(73)] ReadMemory at 0x7ff9864c0000 of 64 bytes failed: Only part of a ReadProcessMemory or WriteProcessMemory request was completed. (0x12B)
[0604/164637.070:WARNING:pe_image_reader.cc(340)] could not read dos header from C:\Windows\System32\WINTRUST.dll
[0604/164637.070:ERROR:process_memory_win.cc(73)] ReadMemory at 0x7ff985bc0000 of 64 bytes failed: Only part of a ReadProcessMemory or WriteProcessMemory request was completed. (0x12B)
[0604/164637.070:WARNING:pe_image_reader.cc(340)] could not read dos header from C:\Windows\System32\MSASN1.dll
[0604/164637.070:ERROR:process_memory_win.cc(73)] ReadMemory at 0x7ff9860c0000 of 64 bytes failed: Only part of a ReadProcessMemory or WriteProcessMemory request was completed. (0x12B)
[0604/164637.070:WARNING:pe_image_reader.cc(340)] could not read dos header from C:\Windows\System32\CRYPT32.dll
[0604/164637.070:ERROR:process_memory_win.cc(73)] ReadMemory at 0x7ff985130000 of 64 bytes failed: Only part of a ReadProcessMemory or WriteProcessMemory request was completed. (0x12B)
[0604/164637.070:WARNING:pe_image_reader.cc(340)] could not read dos header from C:\Windows\SYSTEM32\IPHLPAPI.DLL
[0604/164637.070:ERROR:process_memory_win.cc(73)] ReadMemory at 0x7ff981fd0000 of 64 bytes failed: Only part of a ReadProcessMemory or WriteProcessMemory request was completed. (0x12B)
[0604/164637.070:WARNING:pe_image_reader.cc(340)] could not read dos header from C:\Windows\SYSTEM32\WINMM.dll
[0604/164637.070:ERROR:process_memory_win.cc(73)] ReadMemory at 0x7ff984c60000 of 64 bytes failed: Only part of a ReadProcessMemory or WriteProcessMemory request was completed. (0x12B)
[0604/164637.070:WARNING:pe_image_reader.cc(340)] could not read dos header from C:\Windows\SYSTEM32\Secur32.dll
[0604/164637.070:ERROR:process_memory_win.cc(73)] ReadMemory at 0x7ff985ad0000 of 64 bytes failed: Only part of a ReadProcessMemory or WriteProcessMemory request was completed. (0x12B)
[0604/164637.070:WARNING:pe_image_reader.cc(340)] could not read dos header from C:\Windows\SYSTEM32\USERENV.dll
[0604/164637.070:ERROR:process_memory_win.cc(73)] ReadMemory at 0x7ff985be0000 of 64 bytes failed: Only part of a ReadProcessMemory or WriteProcessMemory request was completed. (0x12B)
[0604/164637.070:WARNING:pe_image_reader.cc(340)] could not read dos header from C:\Windows\System32\profapi.dll
[0604/164637.070:ERROR:process_memory_win.cc(73)] ReadMemory at 0x7ff959c20000 of 64 bytes failed: Only part of a ReadProcessMemory or WriteProcessMemory request was completed. (0x12B)
[0604/164637.070:WARNING:pe_image_reader.cc(340)] could not read dos header from C:\Windows\SYSTEM32\UIAutomationCore.DLL
[0604/164637.070:ERROR:process_memory_win.cc(73)] ReadMemory at 0x7ff9709f0000 of 64 bytes failed: Only part of a ReadProcessMemory or WriteProcessMemory request was completed. (0x12B)
[0604/164637.070:WARNING:pe_image_reader.cc(340)] could not read dos header from C:\Windows\SYSTEM32\DWrite.dll
[0604/164637.070:ERROR:process_memory_win.cc(73)] ReadMemory at 0x7ff966f60000 of 64 bytes failed: Only part of a ReadProcessMemory or WriteProcessMemory request was completed. (0x12B)
[0604/164637.070:WARNING:pe_image_reader.cc(340)] could not read dos header from C:\Windows\SYSTEM32\WINSPOOL.DRV
[0604/164637.070:ERROR:process_memory_win.cc(73)] ReadMemory at 0x7ff985c60000 of 64 bytes failed: Only part of a ReadProcessMemory or WriteProcessMemory request was completed. (0x12B)
[0604/164637.070:WARNING:pe_image_reader.cc(340)] could not read dos header from C:\Windows\System32\kernel.appcore.dll
[0604/164637.071:ERROR:process_memory_win.cc(73)] ReadMemory at 0x7ff986ca0000 of 64 bytes failed: Only part of a ReadProcessMemory or WriteProcessMemory request was completed. (0x12B)
[0604/164637.071:WARNING:pe_image_reader.cc(340)] could not read dos header from C:\Windows\System32\bcrypt.dll
[0604/164637.071:ERROR:process_memory_win.cc(73)] ReadMemory at 0x7ff9843a0000 of 64 bytes failed: Only part of a ReadProcessMemory or WriteProcessMemory request was completed. (0x12B)
[0604/164637.071:WARNING:pe_image_reader.cc(340)] could not read dos header from C:\Windows\SYSTEM32\dbghelp.dll
[0604/164637.071:ERROR:process_memory_win.cc(73)] ReadMemory at 0x7ff977580000 of 64 bytes failed: Only part of a ReadProcessMemory or WriteProcessMemory request was completed. (0x12B)
[0604/164637.071:WARNING:pe_image_reader.cc(340)] could not read dos header from C:\Windows\SYSTEM32\WINHTTP.dll
[0604/164637.071:ERROR:process_memory_win.cc(73)] ReadMemory at 0x7ff97bcd0000 of 64 bytes failed: Only part of a ReadProcessMemory or WriteProcessMemory request was completed. (0x12B)
[0604/164637.071:WARNING:pe_image_reader.cc(340)] could not read dos header from C:\Windows\SYSTEM32\dhcpcsvc.DLL
[0604/164637.071:ERROR:process_memory_win.cc(73)] ReadMemory at 0x7ff988c20000 of 64 bytes failed: Only part of a ReadProcessMemory or WriteProcessMemory request was completed. (0x12B)
[0604/164637.071:WARNING:pe_image_reader.cc(340)] could not read dos header from C:\Windows\System32\NSI.dll
[0604/164637.071:ERROR:process_memory_win.cc(73)] ReadMemory at 0x7ff981fa0000 of 64 bytes failed: Only part of a ReadProcessMemory or WriteProcessMemory request was completed. (0x12B)
[0604/164637.071:WARNING:pe_image_reader.cc(340)] could not read dos header from C:\Windows\SYSTEM32\WINMMBASE.dll
[0604/164637.071:ERROR:process_memory_win.cc(73)] ReadMemory at 0x7ff986d50000 of 64 bytes failed: Only part of a ReadProcessMemory or WriteProcessMemory request was completed. (0x12B)
[0604/164637.071:WARNING:pe_image_reader.cc(340)] could not read dos header from C:\Windows\System32\cfgmgr32.dll
[0604/164637.071:ERROR:process_memory_win.cc(73)] ReadMemory at 0x7ff9837c0000 of 64 bytes failed: Only part of a ReadProcessMemory or WriteProcessMemory request was completed. (0x12B)
[0604/164637.071:WARNING:pe_image_reader.cc(340)] could not read dos header from C:\Windows\SYSTEM32\PROPSYS.dll
[0604/164637.071:ERROR:process_memory_win.cc(73)] ReadMemory at 0x7ff988a00000 of 64 bytes failed: Only part of a ReadProcessMemory or WriteProcessMemory request was completed. (0x12B)
[0604/164637.071:WARNING:pe_image_reader.cc(340)] could not read dos header from C:\Windows\System32\shcore.dll
[0604/164637.071:ERROR:process_memory_win.cc(73)] ReadMemory at 0x7ff985aa0000 of 64 bytes failed: Only part of a ReadProcessMemory or WriteProcessMemory request was completed. (0x12B)
[0604/164637.071:WARNING:pe_image_reader.cc(340)] could not read dos header from C:\Windows\SYSTEM32\SSPICLI.DLL
[0604/164637.071:ERROR:process_memory_win.cc(73)] ReadMemory at 0x7ff9855f0000 of 64 bytes failed: Only part of a ReadProcessMemory or WriteProcessMemory request was completed. (0x12B)
[0604/164637.071:WARNING:pe_image_reader.cc(340)] could not read dos header from C:\Windows\SYSTEM32\CRYPTBASE.DLL
[0604/164637.071:ERROR:process_memory_win.cc(73)] ReadMemory at 0x7ff6a6d20000 of 64 bytes failed: Only part of a ReadProcessMemory or WriteProcessMemory request was completed. (0x12B)
[0604/164637.071:WARNING:pe_image_reader.cc(340)] could not read dos header from C:\Program Files (x86)\Google\Chrome\Application\chrome.exe
[0604/164637.071:ERROR:process_memory_win.cc(73)] ReadMemory at 0x7ff988d20000 of 64 bytes failed: Only part of a ReadProcessMemory or WriteProcessMemory request was completed. (0x12B)
[0604/164637.071:WARNING:pe_image_reader.cc(340)] could not read dos header from C:\Windows\SYSTEM32\ntdll.dll
[0604/164637.071:ERROR:process_memory_win.cc(73)] ReadMemory at 0x7ff987570000 of 64 bytes failed: Only part of a ReadProcessMemory or WriteProcessMemory request was completed. (0x12B)
[0604/164637.071:WARNING:pe_image_reader.cc(340)] could not read dos header from C:\Windows\System32\KERNEL32.DLL
[0604/164637.071:ERROR:process_memory_win.cc(73)] ReadMemory at 0x7ff986210000 of 64 bytes failed: Only part of a ReadProcessMemory or WriteProcessMemory request was completed. (0x12B)
[0604/164637.071:WARNING:pe_image_reader.cc(340)] could not read dos header from C:\Windows\System32\KERNELBASE.dll
[0604/164637.071:ERROR:process_memory_win.cc(73)] ReadMemory at 0x7ff948500000 of 64 bytes failed: Only part of a ReadProcessMemory or WriteProcessMemory request was completed. (0x12B)
[0604/164637.071:WARNING:pe_image_reader.cc(340)] could not read dos header from C:\Program Files (x86)\Google\Chrome\Application\83.0.4103.61\chrome_elf.dll
[0604/164637.071:ERROR:process_memory_win.cc(73)] ReadMemory at 0x7ff984b90000 of 64 bytes failed: Only part of a ReadProcessMemory or WriteProcessMemory request was completed. (0x12B)
[0604/164637.071:WARNING:pe_image_reader.cc(340)] could not read dos header from C:\Windows\SYSTEM32\VERSION.dll
[0604/164637.072:ERROR:process_memory_win.cc(73)] ReadMemory at 0x7ff987ad0000 of 64 bytes failed: Only part of a ReadProcessMemory or WriteProcessMemory request was completed. (0x12B)
[0604/164637.072:WARNING:pe_image_reader.cc(340)] could not read dos header from C:\Windows\System32\msvcrt.dll
[0604/164637.072:ERROR:process_memory_win.cc(73)] ReadMemory at 0x7ff986cd0000 of 64 bytes failed: Only part of a ReadProcessMemory or WriteProcessMemory request was completed. (0x12B)
[0604/164637.072:WARNING:pe_image_reader.cc(340)] could not read dos header from C:\Windows\System32\bcryptPrimitives.dll
[0604/164637.072:ERROR:process_memory_win.cc(73)] ReadMemory at 0x7ff987ff0000 of 64 bytes failed: Only part of a ReadProcessMemory or WriteProcessMemory request was completed. (0x12B)
[0604/164637.072:WARNING:pe_image_reader.cc(340)] could not read dos header from C:\Windows\System32\ADVAPI32.dll
[0604/164637.072:ERROR:process_memory_win.cc(73)] ReadMemory at 0x7ff9880a0000 of 64 bytes failed: Only part of a ReadProcessMemory or WriteProcessMemory request was completed. (0x12B)
[0604/164637.072:WARNING:pe_image_reader.cc(340)] could not read dos header from C:\Windows\System32\sechost.dll
[0604/164637.072:ERROR:process_memory_win.cc(73)] ReadMemory at 0x7ff988700000 of 64 bytes failed: Only part of a ReadProcessMemory or WriteProcessMemory request was completed. (0x12B)
[0604/164637.072:WARNING:pe_image_reader.cc(340)] could not read dos header from C:\Windows\System32\RPCRT4.dll
[0604/164637.072:ERROR:process_memory_win.cc(73)] ReadMemory at 0x7ff920540000 of 64 bytes failed: Only part of a ReadProcessMemory or WriteProcessMemory request was completed. (0x12B)
[0604/164637.072:WARNING:pe_image_reader.cc(340)] could not read dos header from C:\Program Files (x86)\Google\Chrome\Application\83.0.4103.61\chrome.dll
[0604/164637.072:ERROR:process_memory_win.cc(73)] ReadMemory at 0x7ff988990000 of 64 bytes failed: Only part of a ReadProcessMemory or WriteProcessMemory request was completed. (0x12B)
[0604/164637.072:WARNING:pe_image_reader.cc(340)] could not read dos header from C:\Windows\System32\WS2_32.dll
[0604/164637.072:ERROR:process_memory_win.cc(73)] ReadMemory at 0x7ff9888c0000 of 64 bytes failed: Only part of a ReadProcessMemory or WriteProcessMemory request was completed. (0x12B)
[0604/164637.072:WARNING:pe_image_reader.cc(340)] could not read dos header from C:\Windows\System32\OLEAUT32.dll
[0604/164637.072:ERROR:process_memory_win.cc(73)] ReadMemory at 0x7ff985d50000 of 64 bytes failed: Only part of a ReadProcessMemory or WriteProcessMemory request was completed. (0x12B)
[0604/164637.072:WARNING:pe_image_reader.cc(340)] could not read dos header from C:\Windows\System32\msvcp_win.dll
[0604/164637.072:ERROR:process_memory_win.cc(73)] ReadMemory at 0x7ff985fc0000 of 64 bytes failed: Only part of a ReadProcessMemory or WriteProcessMemory request was completed. (0x12B)
[0604/164637.072:WARNING:pe_image_reader.cc(340)] could not read dos header from C:\Windows\System32\ucrtbase.dll
[0604/164637.072:ERROR:process_memory_win.cc(73)] ReadMemory at 0x7ff988300000 of 64 bytes failed: Only part of a ReadProcessMemory or WriteProcessMemory request was completed. (0x12B)
[0604/164637.072:WARNING:pe_image_reader.cc(340)] could not read dos header from C:\Windows\System32\combase.dll
[0604/164637.072:ERROR:process_memory_win.cc(73)] ReadMemory at 0x7ff9864c0000 of 64 bytes failed: Only part of a ReadProcessMemory or WriteProcessMemory request was completed. (0x12B)
[0604/164637.072:WARNING:pe_image_reader.cc(340)] could not read dos header from C:\Windows\System32\WINTRUST.dll
[0604/164637.072:ERROR:process_memory_win.cc(73)] ReadMemory at 0x7ff985bc0000 of 64 bytes failed: Only part of a ReadProcessMemory or WriteProcessMemory request was completed. (0x12B)
[0604/164637.072:WARNING:pe_image_reader.cc(340)] could not read dos header from C:\Windows\System32\MSASN1.dll
[0604/164637.072:ERROR:process_memory_win.cc(73)] ReadMemory at 0x7ff9860c0000 of 64 bytes failed: Only part of a ReadProcessMemory or WriteProcessMemory request was completed. (0x12B)
[0604/164637.072:WARNING:pe_image_reader.cc(340)] could not read dos header from C:\Windows\System32\CRYPT32.dll
[0604/164637.072:ERROR:process_memory_win.cc(73)] ReadMemory at 0x7ff985130000 of 64 bytes failed: Only part of a ReadProcessMemory or WriteProcessMemory request was completed. (0x12B)
[0604/164637.072:WARNING:pe_image_reader.cc(340)] could not read dos header from C:\Windows\SYSTEM32\IPHLPAPI.DLL
[0604/164637.072:ERROR:process_memory_win.cc(73)] ReadMemory at 0x7ff981fd0000 of 64 bytes failed: Only part of a ReadProcessMemory or WriteProcessMemory request was completed. (0x12B)
[0604/164637.072:WARNING:pe_image_reader.cc(340)] could not read dos header from C:\Windows\SYSTEM32\WINMM.dll
[0604/164637.072:ERROR:process_memory_win.cc(73)] ReadMemory at 0x7ff984c60000 of 64 bytes failed: Only part of a ReadProcessMemory or WriteProcessMemory request was completed. (0x12B)
[0604/164637.072:WARNING:pe_image_reader.cc(340)] could not read dos header from C:\Windows\SYSTEM32\Secur32.dll
[0604/164637.072:ERROR:process_memory_win.cc(73)] ReadMemory at 0x7ff985ad0000 of 64 bytes failed: Only part of a ReadProcessMemory or WriteProcessMemory request was completed. (0x12B)
[0604/164637.072:WARNING:pe_image_reader.cc(340)] could not read dos header from C:\Windows\SYSTEM32\USERENV.dll
[0604/164637.072:ERROR:process_memory_win.cc(73)] ReadMemory at 0x7ff985be0000 of 64 bytes failed: Only part of a ReadProcessMemory or WriteProcessMemory request was completed. (0x12B)
[0604/164637.072:WARNING:pe_image_reader.cc(340)] could not read dos header from C:\Windows\System32\profapi.dll
[0604/164637.072:ERROR:process_memory_win.cc(73)] ReadMemory at 0x7ff959c20000 of 64 bytes failed: Only part of a ReadProcessMemory or WriteProcessMemory request was completed. (0x12B)
[0604/164637.072:WARNING:pe_image_reader.cc(340)] could not read dos header from C:\Windows\SYSTEM32\UIAutomationCore.DLL
[0604/164637.072:ERROR:process_memory_win.cc(73)] ReadMemory at 0x7ff9709f0000 of 64 bytes failed: Only part of a ReadProcessMemory or WriteProcessMemory request was completed. (0x12B)
[0604/164637.072:WARNING:pe_image_reader.cc(340)] could not read dos header from C:\Windows\SYSTEM32\DWrite.dll
[0604/164637.072:ERROR:process_memory_win.cc(73)] ReadMemory at 0x7ff966f60000 of 64 bytes failed: Only part of a ReadProcessMemory or WriteProcessMemory request was completed. (0x12B)
[0604/164637.072:WARNING:pe_image_reader.cc(340)] could not read dos header from C:\Windows\SYSTEM32\WINSPOOL.DRV
[0604/164637.072:ERROR:process_memory_win.cc(73)] ReadMemory at 0x7ff985c60000 of 64 bytes failed: Only part of a ReadProcessMemory or WriteProcessMemory request was completed. (0x12B)
[0604/164637.072:WARNING:pe_image_reader.cc(340)] could not read dos header from C:\Windows\System32\kernel.appcore.dll
[0604/164637.072:ERROR:process_memory_win.cc(73)] ReadMemory at 0x7ff986ca0000 of 64 bytes failed: Only part of a ReadProcessMemory or WriteProcessMemory request was completed. (0x12B)
[0604/164637.072:WARNING:pe_image_reader.cc(340)] could not read dos header from C:\Windows\System32\bcrypt.dll
[0604/164637.072:ERROR:process_memory_win.cc(73)] ReadMemory at 0x7ff9843a0000 of 64 bytes failed: Only part of a ReadProcessMemory or WriteProcessMemory request was completed. (0x12B)
[0604/164637.072:WARNING:pe_image_reader.cc(340)] could not read dos header from C:\Windows\SYSTEM32\dbghelp.dll
[0604/164637.072:ERROR:process_memory_win.cc(73)] ReadMemory at 0x7ff977580000 of 64 bytes failed: Only part of a ReadProcessMemory or WriteProcessMemory request was completed. (0x12B)
[0604/164637.072:WARNING:pe_image_reader.cc(340)] could not read dos header from C:\Windows\SYSTEM32\WINHTTP.dll
[0604/164637.072:ERROR:process_memory_win.cc(73)] ReadMemory at 0x7ff97bcd0000 of 64 bytes failed: Only part of a ReadProcessMemory or WriteProcessMemory request was completed. (0x12B)
[0604/164637.072:WARNING:pe_image_reader.cc(340)] could not read dos header from C:\Windows\SYSTEM32\dhcpcsvc.DLL
[0604/164637.072:ERROR:process_memory_win.cc(73)] ReadMemory at 0x7ff988c20000 of 64 bytes failed: Only part of a ReadProcessMemory or WriteProcessMemory request was completed. (0x12B)
[0604/164637.072:WARNING:pe_image_reader.cc(340)] could not read dos header from C:\Windows\System32\NSI.dll
[0604/164637.072:ERROR:process_memory_win.cc(73)] ReadMemory at 0x7ff981fa0000 of 64 bytes failed: Only part of a ReadProcessMemory or WriteProcessMemory request was completed. (0x12B)
[0604/164637.072:WARNING:pe_image_reader.cc(340)] could not read dos header from C:\Windows\SYSTEM32\WINMMBASE.dll
[0604/164637.072:ERROR:process_memory_win.cc(73)] ReadMemory at 0x7ff986d50000 of 64 bytes failed: Only part of a ReadProcessMemory or WriteProcessMemory request was completed. (0x12B)
[0604/164637.072:WARNING:pe_image_reader.cc(340)] could not read dos header from C:\Windows\System32\cfgmgr32.dll
[0604/164637.072:ERROR:process_memory_win.cc(73)] ReadMemory at 0x7ff9837c0000 of 64 bytes failed: Only part of a ReadProcessMemory or WriteProcessMemory request was completed. (0x12B)
[0604/164637.072:WARNING:pe_image_reader.cc(340)] could not read dos header from C:\Windows\SYSTEM32\PROPSYS.dll
[0604/164637.072:ERROR:process_memory_win.cc(73)] ReadMemory at 0x7ff988a00000 of 64 bytes failed: Only part of a ReadProcessMemory or WriteProcessMemory request was completed. (0x12B)
[0604/164637.072:WARNING:pe_image_reader.cc(340)] could not read dos header from C:\Windows\System32\shcore.dll
[0604/164637.072:ERROR:process_memory_win.cc(73)] ReadMemory at 0x7ff985aa0000 of 64 bytes failed: Only part of a ReadProcessMemory or WriteProcessMemory request was completed. (0x12B)
[0604/164637.072:WARNING:pe_image_reader.cc(340)] could not read dos header from C:\Windows\SYSTEM32\SSPICLI.DLL
[0604/164637.072:ERROR:process_memory_win.cc(73)] ReadMemory at 0x7ff9855f0000 of 64 bytes failed: Only part of a ReadProcessMemory or WriteProcessMemory request was completed. (0x12B)
[0604/164637.072:WARNING:pe_image_reader.cc(340)] could not read dos header from C:\Windows\SYSTEM32\CRYPTBASE.DLL
[0604/164638.654:ERROR:process_memory_win.cc(73)] ReadMemory at 0x65771f7000 of 36864 bytes failed: Only part of a ReadProcessMemory or WriteProcessMemory request was completed. (0x12B)
[0604/164638.783:ERROR:process_memory_win.cc(73)] ReadMemory at 0x65779fd000 of 12288 bytes failed: Only part of a ReadProcessMemory or WriteProcessMemory request was completed. (0x12B)
[0604/164638.783:ERROR:process_memory_win.cc(73)] ReadMemory at 0x65781f6000 of 40960 bytes failed: Only part of a ReadProcessMemory or WriteProcessMemory request was completed. (0x12B)
[0604/164638.783:ERROR:process_memory_win.cc(73)] ReadMemory at 0x65789fc000 of 16384 bytes failed: Only part of a ReadProcessMemory or WriteProcessMemory request was completed. (0x12B)
[0604/164638.783:ERROR:process_memory_win.cc(73)] ReadMemory at 0x65791fc000 of 16384 bytes failed: Only part of a ReadProcessMemory or WriteProcessMemory request was completed. (0x12B)
[0604/164638.783:ERROR:process_memory_win.cc(73)] ReadMemory at 0x65799fe000 of 8192 bytes failed: Only part of a ReadProcessMemory or WriteProcessMemory request was completed. (0x12B)
[0604/164638.783:ERROR:process_memory_win.cc(73)] ReadMemory at 0x657a1fd000 of 12288 bytes failed: Only part of a ReadProcessMemory or WriteProcessMemory request was completed. (0x12B)
[0604/164638.783:ERROR:process_memory_win.cc(73)] ReadMemory at 0x657a9fb000 of 20480 bytes failed: Only part of a ReadProcessMemory or WriteProcessMemory request was completed. (0x12B)
[0604/164638.786:ERROR:process_memory_win.cc(73)] ReadMemory at 0x657b1fd000 of 12288 bytes failed: Only part of a ReadProcessMemory or WriteProcessMemory request was completed. (0x12B)
[0604/164638.786:ERROR:process_memory_win.cc(73)] ReadMemory at 0x657b9fd000 of 12288 bytes failed: Only part of a ReadProcessMemory or WriteProcessMemory request was completed. (0x12B)
[0604/164638.786:ERROR:process_memory_win.cc(73)] ReadMemory at 0x657c1fd000 of 12288 bytes failed: Only part of a ReadProcessMemory or WriteProcessMemory request was completed. (0x12B)
[0604/164638.786:ERROR:process_memory_win.cc(73)] ReadMemory at 0x657c9fd000 of 12288 bytes failed: Only part of a ReadProcessMemory or WriteProcessMemory request was completed. (0x12B)
[0604/164638.786:ERROR:process_memory_win.cc(73)] ReadMemory at 0x657d1fd000 of 12288 bytes failed: Only part of a ReadProcessMemory or WriteProcessMemory request was completed. (0x12B)
[0604/164638.787:ERROR:process_memory_win.cc(73)] ReadMemory at 0x657d9fd000 of 12288 bytes failed: Only part of a ReadProcessMemory or WriteProcessMemory request was completed. (0x12B)
[0604/164638.787:ERROR:process_memory_win.cc(73)] ReadMemory at 0x657e1fb000 of 20480 bytes failed: Only part of a ReadProcessMemory or WriteProcessMemory request was completed. (0x12B)
[0604/164638.787:ERROR:process_memory_win.cc(73)] ReadMemory at 0x657e9fc000 of 16384 bytes failed: Only part of a ReadProcessMemory or WriteProcessMemory request was completed. (0x12B)
[0604/164638.787:ERROR:process_memory_win.cc(73)] ReadMemory at 0x657f1fd000 of 12288 bytes failed: Only part of a ReadProcessMemory or WriteProcessMemory request was completed. (0x12B)
[0604/164638.787:ERROR:process_memory_win.cc(73)] ReadMemory at 0x657f9fc000 of 16384 bytes failed: Only part of a ReadProcessMemory or WriteProcessMemory request was completed. (0x12B)
[0604/164638.787:ERROR:process_memory_win.cc(73)] ReadMemory at 0x65007fc000 of 16384 bytes failed: Only part of a ReadProcessMemory or WriteProcessMemory request was completed. (0x12B)
[0604/164638.787:ERROR:process_memory_win.cc(73)] ReadMemory at 0x6500ffc000 of 16384 bytes failed: Only part of a ReadProcessMemory or WriteProcessMemory request was completed. (0x12B)
[0604/164638.787:ERROR:process_memory_win.cc(73)] ReadMemory at 0x65017ff000 of 4096 bytes failed: Only part of a ReadProcessMemory or WriteProcessMemory request was completed. (0x12B)
[0604/164638.787:ERROR:process_memory_win.cc(73)] ReadMemory at 0x657691c000 of 852 bytes failed: Only part of a ReadProcessMemory or WriteProcessMemory request was completed. (0x12B)
[0604/164638.787:ERROR:process_memory_win.cc(73)] ReadMemory at 0x657691d000 of 6024 bytes failed: Only part of a ReadProcessMemory or WriteProcessMemory request was completed. (0x12B)
[0604/164638.787:ERROR:process_memory_win.cc(73)] ReadMemory at 0x657691f000 of 6024 bytes failed: Only part of a ReadProcessMemory or WriteProcessMemory request was completed. (0x12B)
[0604/164638.787:ERROR:process_memory_win.cc(73)] ReadMemory at 0x6576921000 of 6024 bytes failed: Only part of a ReadProcessMemory or WriteProcessMemory request was completed. (0x12B)
[0604/164638.787:ERROR:process_memory_win.cc(73)] ReadMemory at 0x6576923000 of 6024 bytes failed: Only part of a ReadProcessMemory or WriteProcessMemory request was completed. (0x12B)
[0604/164638.787:ERROR:process_memory_win.cc(73)] ReadMemory at 0x6576925000 of 6024 bytes failed: Only part of a ReadProcessMemory or WriteProcessMemory request was completed. (0x12B)
[0604/164638.787:ERROR:process_memory_win.cc(73)] ReadMemory at 0x6576927000 of 6024 bytes failed: Only part of a ReadProcessMemory or WriteProcessMemory request was completed. (0x12B)
[0604/164638.787:ERROR:process_memory_win.cc(73)] ReadMemory at 0x6576929000 of 6024 bytes failed: Only part of a ReadProcessMemory or WriteProcessMemory request was completed. (0x12B)
[0604/164638.787:ERROR:process_memory_win.cc(73)] ReadMemory at 0x657692b000 of 6024 bytes failed: Only part of a ReadProcessMemory or WriteProcessMemory request was completed. (0x12B)
[0604/164638.787:ERROR:process_memory_win.cc(73)] ReadMemory at 0x657692d000 of 6024 bytes failed: Only part of a ReadProcessMemory or WriteProcessMemory request was completed. (0x12B)
[0604/164638.787:ERROR:process_memory_win.cc(73)] ReadMemory at 0x657692f000 of 6024 bytes failed: Only part of a ReadProcessMemory or WriteProcessMemory request was completed. (0x12B)
[0604/164638.787:ERROR:process_memory_win.cc(73)] ReadMemory at 0x6576931000 of 6024 bytes failed: Only part of a ReadProcessMemory or WriteProcessMemory request was completed. (0x12B)
[0604/164638.787:ERROR:process_memory_win.cc(73)] ReadMemory at 0x6576933000 of 6024 bytes failed: Only part of a ReadProcessMemory or WriteProcessMemory request was completed. (0x12B)
[0604/164638.787:ERROR:process_memory_win.cc(73)] ReadMemory at 0x6576935000 of 6024 bytes failed: Only part of a ReadProcessMemory or WriteProcessMemory request was completed. (0x12B)
[0604/164638.787:ERROR:process_memory_win.cc(73)] ReadMemory at 0x6576937000 of 6024 bytes failed: Only part of a ReadProcessMemory or WriteProcessMemory request was completed. (0x12B)
[0604/164638.787:ERROR:process_memory_win.cc(73)] ReadMemory at 0x657693b000 of 6024 bytes failed: Only part of a ReadProcessMemory or WriteProcessMemory request was completed. (0x12B)
[0604/164638.787:ERROR:process_memory_win.cc(73)] ReadMemory at 0x657693d000 of 6024 bytes failed: Only part of a ReadProcessMemory or WriteProcessMemory request was completed. (0x12B)
[0604/164638.787:ERROR:process_memory_win.cc(73)] ReadMemory at 0x657693f000 of 6024 bytes failed: Only part of a ReadProcessMemory or WriteProcessMemory request was completed. (0x12B)
[0604/164638.787:ERROR:process_memory_win.cc(73)] ReadMemory at 0x6576941000 of 6024 bytes failed: Only part of a ReadProcessMemory or WriteProcessMemory request was completed. (0x12B)
[0604/164638.787:ERROR:process_memory_win.cc(73)] ReadMemory at 0x6576943000 of 6024 bytes failed: Only part of a ReadProcessMemory or WriteProcessMemory request was completed. (0x12B)
[0604/164638.787:ERROR:process_memory_win.cc(73)] ReadMemory at 0x6576945000 of 6024 bytes failed: Only part of a ReadProcessMemory or WriteProcessMemory request was completed. (0x12B)
[0604/164638.787:ERROR:process_memory_win.cc(73)] ReadMemory at 0x6576947000 of 6024 bytes failed: Only part of a ReadProcessMemory or WriteProcessMemory request was completed. (0x12B)
[0604/164638.787:ERROR:process_memory_win.cc(73)] ReadMemory at 0x1a5baee0750 of 80 bytes failed: Only part of a ReadProcessMemory or WriteProcessMemory request was completed. (0x12B)
[0604/164638.787:ERROR:process_memory_win.cc(73)] ReadMemory at 0x1a5baee0fe0 of 15834 bytes failed: Only part of a ReadProcessMemory or WriteProcessMemory request was completed. (0x12B)
[0604/164638.787:ERROR:process_memory_win.cc(73)] ReadMemory at 0x1a5baee4dd0 of 1012 bytes failed: Only part of a ReadProcessMemory or WriteProcessMemory request was completed. (0x12B)
[0604/164638.787:ERROR:process_memory_win.cc(73)] ReadMemory at 0x1a5baee5418 of 118 bytes failed: Only part of a ReadProcessMemory or WriteProcessMemory request was completed. (0x12B)
[0604/164638.787:ERROR:process_memory_win.cc(73)] ReadMemory at 0x1a5baee5490 of 754 bytes failed: Only part of a ReadProcessMemory or WriteProcessMemory request was completed. (0x12B)
[0604/164638.793:ERROR:process_memory_win.cc(73)] ReadMemory at 0x1a5baee5784 of 118 bytes failed: Only part of a ReadProcessMemory or WriteProcessMemory request was completed. (0x12B)
[0604/164638.793:ERROR:process_memory_win.cc(73)] ReadMemory at 0x1a5baee57fc of 102 bytes failed: Only part of a ReadProcessMemory or WriteProcessMemory request was completed. (0x12B)
[0604/164638.793:ERROR:process_memory_win.cc(73)] ReadMemory at 0x1a5baee5870 of 58 bytes failed: Only part of a ReadProcessMemory or WriteProcessMemory request was completed. (0x12B)
[0604/164638.793:ERROR:process_memory_win.cc(73)] ReadMemory at 0x1a5baee5970 of 132 bytes failed: Only part of a ReadProcessMemory or WriteProcessMemory request was completed. (0x12B)
[0604/164638.793:ERROR:process_memory_win.cc(73)] ReadMemory at 0x1a5baee5b00 of 132 bytes failed: Only part of a ReadProcessMemory or WriteProcessMemory request was completed. (0x12B)
[0604/164638.794:ERROR:process_memory_win.cc(73)] ReadMemory at 0x1a5baee5cc0 of 124 bytes failed: Only part of a ReadProcessMemory or WriteProcessMemory request was completed. (0x12B)
[0604/164638.794:ERROR:process_memory_win.cc(73)] ReadMemory at 0x1a5baee60a0 of 132 bytes failed: Only part of a ReadProcessMemory or WriteProcessMemory request was completed. (0x12B)
[0604/164638.794:ERROR:process_memory_win.cc(73)] ReadMemory at 0x1a5baee6230 of 64 bytes failed: Only part of a ReadProcessMemory or WriteProcessMemory request was completed. (0x12B)
[0604/164638.831:ERROR:process_memory_win.cc(73)] ReadMemory at 0x1a5baee63f0 of 132 bytes failed: Only part of a ReadProcessMemory or WriteProcessMemory request was completed. (0x12B)
[0604/164638.831:ERROR:process_memory_win.cc(73)] ReadMemory at 0x1a5baee6690 of 132 bytes failed: Only part of a ReadProcessMemory or WriteProcessMemory request was completed. (0x12B)
[0604/164638.831:ERROR:process_memory_win.cc(73)] ReadMemory at 0x1a5baee6820 of 68 bytes failed: Only part of a ReadProcessMemory or WriteProcessMemory request was completed. (0x12B)
[0604/164638.831:ERROR:process_memory_win.cc(73)] ReadMemory at 0x1a5baee7810 of 144 bytes failed: Only part of a ReadProcessMemory or WriteProcessMemory request was completed. (0x12B)
[0604/164638.831:ERROR:process_memory_win.cc(73)] ReadMemory at 0x1a5baee78f0 of 132 bytes failed: Only part of a ReadProcessMemory or WriteProcessMemory request was completed. (0x12B)
[0604/164638.831:ERROR:process_memory_win.cc(73)] ReadMemory at 0x1a5baee7a80 of 152 bytes failed: Only part of a ReadProcessMemory or WriteProcessMemory request was completed. (0x12B)
[0604/164638.891:ERROR:process_memory_win.cc(73)] ReadMemory at 0x1a5baee86e0 of 132 bytes failed: Only part of a ReadProcessMemory or WriteProcessMemory request was completed. (0x12B)
[0604/164638.892:ERROR:process_memory_win.cc(73)] ReadMemory at 0x1a5baee8890 of 62 bytes failed: Only part of a ReadProcessMemory or WriteProcessMemory request was completed. (0x12B)
[0604/164638.955:ERROR:process_memory_win.cc(73)] ReadMemory at 0x1a5baee89f0 of 132 bytes failed: Only part of a ReadProcessMemory or WriteProcessMemory request was completed. (0x12B)
[0604/164638.955:ERROR:process_memory_win.cc(73)] ReadMemory at 0x1a5baee8b80 of 60 bytes failed: Only part of a ReadProcessMemory or WriteProcessMemory request was completed. (0x12B)
[0604/164638.955:ERROR:process_memory_win.cc(73)] ReadMemory at 0x1a5baeea3c0 of 132 bytes failed: Only part of a ReadProcessMemory or WriteProcessMemory request was completed. (0x12B)
[0604/164638.956:ERROR:process_memory_win.cc(73)] ReadMemory at 0x1a5baeea5d0 of 132 bytes failed: Only part of a ReadProcessMemory or WriteProcessMemory request was completed. (0x12B)
[0604/164638.956:ERROR:process_memory_win.cc(73)] ReadMemory at 0x1a5baeeb070 of 132 bytes failed: Only part of a ReadProcessMemory or WriteProcessMemory request was completed. (0x12B)
[0604/164638.956:ERROR:process_memory_win.cc(73)] ReadMemory at 0x1a5baeedf70 of 64 bytes failed: Only part of a ReadProcessMemory or WriteProcessMemory request was completed. (0x12B)
[0604/164638.956:ERROR:process_memory_win.cc(73)] ReadMemory at 0x1a5baeedfc0 of 62 bytes failed: Only part of a ReadProcessMemory or WriteProcessMemory request was completed. (0x12B)
[0604/164638.956:ERROR:process_memory_win.cc(73)] ReadMemory at 0x1a5baeee0b0 of 64 bytes failed: Only part of a ReadProcessMemory or WriteProcessMemory request was completed. (0x12B)
[0604/164638.956:ERROR:process_memory_win.cc(73)] ReadMemory at 0x1a5baeee1f0 of 64 bytes failed: Only part of a ReadProcessMemory or WriteProcessMemory request was completed. (0x12B)
[0604/164638.956:ERROR:process_memory_win.cc(73)] ReadMemory at 0x1a5baeee380 of 64 bytes failed: Only part of a ReadProcessMemory or WriteProcessMemory request was completed. (0x12B)
[0604/164638.957:ERROR:process_memory_win.cc(73)] ReadMemory at 0x1a5baeee420 of 62 bytes failed: Only part of a ReadProcessMemory or WriteProcessMemory request was completed. (0x12B)
[0604/164638.957:ERROR:process_memory_win.cc(73)] ReadMemory at 0x1a5baeee470 of 60 bytes failed: Only part of a ReadProcessMemory or WriteProcessMemory request was completed. (0x12B)
[0604/164638.957:ERROR:process_memory_win.cc(73)] ReadMemory at 0x1a5baeee650 of 60 bytes failed: Only part of a ReadProcessMemory or WriteProcessMemory request was completed. (0x12B)
[0604/164638.957:ERROR:process_memory_win.cc(73)] ReadMemory at 0x1a5baeee6a0 of 66 bytes failed: Only part of a ReadProcessMemory or WriteProcessMemory request was completed. (0x12B)
[0604/164638.957:ERROR:process_memory_win.cc(73)] ReadMemory at 0x1a5baeee9c0 of 80 bytes failed: Only part of a ReadProcessMemory or WriteProcessMemory request was completed. (0x12B)
[0604/164638.957:ERROR:process_memory_win.cc(73)] ReadMemory at 0x1a5baeeeae0 of 76 bytes failed: Only part of a ReadProcessMemory or WriteProcessMemory request was completed. (0x12B)
[0604/164638.957:ERROR:process_memory_win.cc(73)] ReadMemory at 0x1a5baef2990 of 54 bytes failed: Only part of a ReadProcessMemory or WriteProcessMemory request was completed. (0x12B)
[0604/164638.957:ERROR:process_memory_win.cc(73)] ReadMemory at 0x1a5baef3e70 of 132 bytes failed: Only part of a ReadProcessMemory or WriteProcessMemory request was completed. (0x12B)
[0604/164638.957:ERROR:process_memory_win.cc(73)] ReadMemory at 0x1a5baef56c0 of 132 bytes failed: Only part of a ReadProcessMemory or WriteProcessMemory request was completed. (0x12B)
[0604/164638.957:ERROR:process_memory_win.cc(73)] ReadMemory at 0x1a5baef57f0 of 132 bytes failed: Only part of a ReadProcessMemory or WriteProcessMemory request was completed. (0x12B)
[0604/164638.957:ERROR:process_memory_win.cc(73)] ReadMemory at 0x1a5baef5920 of 132 bytes failed: Only part of a ReadProcessMemory or WriteProcessMemory request was completed. (0x12B)
[0604/164638.957:ERROR:process_memory_win.cc(73)] ReadMemory at 0x1a5baef5a50 of 132 bytes failed: Only part of a ReadProcessMemory or WriteProcessMemory request was completed. (0x12B)
[0604/164638.957:ERROR:process_memory_win.cc(73)] ReadMemory at 0x1a5baef5cb0 of 132 bytes failed: Only part of a ReadProcessMemory or WriteProcessMemory request was completed. (0x12B)
[0604/164638.957:ERROR:process_memory_win.cc(73)] ReadMemory at 0x1a5baef5de0 of 132 bytes failed: Only part of a ReadProcessMemory or WriteProcessMemory request was completed. (0x12B)
[0604/164638.957:ERROR:process_memory_win.cc(73)] ReadMemory at 0x1a5baef5f10 of 132 bytes failed: Only part of a ReadProcessMemory or WriteProcessMemory request was completed. (0x12B)
[0604/164638.979:ERROR:process_memory_win.cc(73)] ReadMemory at 0x1a5baef6040 of 132 bytes failed: Only part of a ReadProcessMemory or WriteProcessMemory request was completed. (0x12B)
[0604/164638.979:ERROR:process_memory_win.cc(73)] ReadMemory at 0x1a5baef6170 of 132 bytes failed: Only part of a ReadProcessMemory or WriteProcessMemory request was completed. (0x12B)
[0604/164638.981:ERROR:process_memory_win.cc(73)] ReadMemory at 0x1a5baef62a0 of 132 bytes failed: Only part of a ReadProcessMemory or WriteProcessMemory request was completed. (0x12B)
[0604/164638.981:ERROR:process_memory_win.cc(73)] ReadMemory at 0x1a5baef63d0 of 132 bytes failed: Only part of a ReadProcessMemory or WriteProcessMemory request was completed. (0x12B)
[0604/164638.981:ERROR:process_memory_win.cc(73)] ReadMemory at 0x1a5baef6500 of 132 bytes failed: Only part of a ReadProcessMemory or WriteProcessMemory request was completed. (0x12B)
[0604/164638.981:ERROR:process_memory_win.cc(73)] ReadMemory at 0x1a5baef7190 of 132 bytes failed: Only part of a ReadProcessMemory or WriteProcessMemory request was completed. (0x12B)
[0604/164638.981:ERROR:process_memory_win.cc(73)] ReadMemory at 0x1a5baef77e0 of 132 bytes failed: Only part of a ReadProcessMemory or WriteProcessMemory request was completed. (0x12B)
[0604/164638.981:ERROR:process_memory_win.cc(73)] ReadMemory at 0x1a5baef7a00 of 132 bytes failed: Only part of a ReadProcessMemory or WriteProcessMemory request was completed. (0x12B)
[0604/164639.060:ERROR:process_memory_win.cc(73)] ReadMemory at 0x1a5baef7c20 of 132 bytes failed: Only part of a ReadProcessMemory or WriteProcessMemory request was completed. (0x12B)
[0604/164639.060:ERROR:process_memory_win.cc(73)] ReadMemory at 0x1a5baef9c10 of 132 bytes failed: Only part of a ReadProcessMemory or WriteProcessMemory request was completed. (0x12B)
[0604/164639.060:ERROR:process_memory_win.cc(73)] ReadMemory at 0x1a5baefa050 of 60 bytes failed: Only part of a ReadProcessMemory or WriteProcessMemory request was completed. (0x12B)
[0604/164639.060:ERROR:process_memory_win.cc(73)] ReadMemory at 0x1a5baefa1e0 of 66 bytes failed: Only part of a ReadProcessMemory or WriteProcessMemory request was completed. (0x12B)
[0604/164639.060:ERROR:process_memory_win.cc(73)] ReadMemory at 0x1a5baefa320 of 60 bytes failed: Only part of a ReadProcessMemory or WriteProcessMemory request was completed. (0x12B)
[0604/164639.060:ERROR:process_memory_win.cc(73)] ReadMemory at 0x1a5baefa3c0 of 64 bytes failed: Only part of a ReadProcessMemory or WriteProcessMemory request was completed. (0x12B)
[0604/164639.060:ERROR:process_memory_win.cc(73)] ReadMemory at 0x1a5baefa460 of 62 bytes failed: Only part of a ReadProcessMemory or WriteProcessMemory request was completed. (0x12B)
[0604/164639.060:ERROR:process_memory_win.cc(73)] ReadMemory at 0x1a5baefa550 of 62 bytes failed: Only part of a ReadProcessMemory or WriteProcessMemory request was completed. (0x12B)
[0604/164639.060:ERROR:process_memory_win.cc(73)] ReadMemory at 0x1a5baefa5f0 of 62 bytes failed: Only part of a ReadProcessMemory or WriteProcessMemory request was completed. (0x12B)
[0604/164639.060:ERROR:process_memory_win.cc(73)] ReadMemory at 0x1a5baefa690 of 62 bytes failed: Only part of a ReadProcessMemory or WriteProcessMemory request was completed. (0x12B)
[0604/164639.060:ERROR:process_memory_win.cc(73)] ReadMemory at 0x1a5baefa7d0 of 64 bytes failed: Only part of a ReadProcessMemory or WriteProcessMemory request was completed. (0x12B)
[0604/164639.060:ERROR:process_memory_win.cc(73)] ReadMemory at 0x1a5baefa820 of 64 bytes failed: Only part of a ReadProcessMemory or WriteProcessMemory request was completed. (0x12B)
[0604/164639.060:ERROR:process_memory_win.cc(73)] ReadMemory at 0x1a5baefa8c0 of 64 bytes failed: Only part of a ReadProcessMemory or WriteProcessMemory request was completed. (0x12B)
[0604/164639.060:ERROR:process_memory_win.cc(73)] ReadMemory at 0x1a5baefab90 of 62 bytes failed: Only part of a ReadProcessMemory or WriteProcessMemory request was completed. (0x12B)
[0604/164639.060:ERROR:process_memory_win.cc(73)] ReadMemory at 0x1a5baefac80 of 60 bytes failed: Only part of a ReadProcessMemory or WriteProcessMemory request was completed. (0x12B)
[0604/164639.060:ERROR:process_memory_win.cc(73)] ReadMemory at 0x1a5baefacd0 of 60 bytes failed: Only part of a ReadProcessMemory or WriteProcessMemory request was completed. (0x12B)
[0604/164639.060:ERROR:process_memory_win.cc(73)] ReadMemory at 0x1a5baefad70 of 58 bytes failed: Only part of a ReadProcessMemory or WriteProcessMemory request was completed. (0x12B)
[0604/164639.060:ERROR:process_memory_win.cc(73)] ReadMemory at 0x1a5baefadc0 of 62 bytes failed: Only part of a ReadProcessMemory or WriteProcessMemory request was completed. (0x12B)
[0604/164639.060:ERROR:process_memory_win.cc(73)] ReadMemory at 0x1a5baefae10 of 62 bytes failed: Only part of a ReadProcessMemory or WriteProcessMemory request was completed. (0x12B)
[0604/164639.060:ERROR:process_memory_win.cc(73)] ReadMemory at 0x1a5baefae60 of 62 bytes failed: Only part of a ReadProcessMemory or WriteProcessMemory request was completed. (0x12B)
[0604/164639.060:ERROR:process_memory_win.cc(73)] ReadMemory at 0x1a5baefafc0 of 132 bytes failed: Only part of a ReadProcessMemory or WriteProcessMemory request was completed. (0x12B)
[0604/164639.060:ERROR:process_memory_win.cc(73)] ReadMemory at 0x1a5baefc060 of 132 bytes failed: Only part of a ReadProcessMemory or WriteProcessMemory request was completed. (0x12B)
[0604/164639.064:ERROR:process_memory_win.cc(73)] ReadMemory at 0x1a5baefc190 of 132 bytes failed: Only part of a ReadProcessMemory or WriteProcessMemory request was completed. (0x12B)
[0604/164639.064:ERROR:process_memory_win.cc(73)] ReadMemory at 0x1a5baefc2c0 of 132 bytes failed: Only part of a ReadProcessMemory or WriteProcessMemory request was completed. (0x12B)
[0604/164639.064:ERROR:process_memory_win.cc(73)] ReadMemory at 0x1a5baefc3f0 of 132 bytes failed: Only part of a ReadProcessMemory or WriteProcessMemory request was completed. (0x12B)
[0604/164639.064:ERROR:process_memory_win.cc(73)] ReadMemory at 0x1a5baefc650 of 132 bytes failed: Only part of a ReadProcessMemory or WriteProcessMemory request was completed. (0x12B)
[0604/164639.064:ERROR:process_memory_win.cc(73)] ReadMemory at 0x1a5baefc780 of 132 bytes failed: Only part of a ReadProcessMemory or WriteProcessMemory request was completed. (0x12B)
[0604/164639.064:ERROR:process_memory_win.cc(73)] ReadMemory at 0x1a5baefc9e0 of 132 bytes failed: Only part of a ReadProcessMemory or WriteProcessMemory request was completed. (0x12B)
[0604/164639.064:ERROR:process_memory_win.cc(73)] ReadMemory at 0x1a5baefcb10 of 132 bytes failed: Only part of a ReadProcessMemory or WriteProcessMemory request was completed. (0x12B)
[0604/164639.065:ERROR:process_memory_win.cc(73)] ReadMemory at 0x1a5baefcd70 of 132 bytes failed: Only part of a ReadProcessMemory or WriteProcessMemory request was completed. (0x12B)
[0604/164639.065:ERROR:process_memory_win.cc(73)] ReadMemory at 0x1a5baf12da0 of 512 bytes failed: Only part of a ReadProcessMemory or WriteProcessMemory request was completed. (0x12B)
[0604/164639.065:ERROR:process_memory_win.cc(73)] ReadMemory at 0x1a5baf13b50 of 512 bytes failed: Only part of a ReadProcessMemory or WriteProcessMemory request was completed. (0x12B)
[0604/164639.065:ERROR:process_memory_win.cc(73)] ReadMemory at 0x1a5bb590dc0 of 512 bytes failed: Only part of a ReadProcessMemory or WriteProcessMemory request was completed. (0x12B)
[0604/164639.065:ERROR:process_memory_win.cc(73)] ReadMemory at 0x1a5bb6f0000 of 384 bytes failed: Only part of a ReadProcessMemory or WriteProcessMemory request was completed. (0x12B)
[0604/164639.065:ERROR:process_memory_win.cc(73)] ReadMemory at 0x1a5bb730c08 of 512 bytes failed: Only part of a ReadProcessMemory or WriteProcessMemory request was completed. (0x12B)
[0604/164639.065:ERROR:process_memory_win.cc(73)] ReadMemory at 0x1a5bb733510 of 512 bytes failed: Only part of a ReadProcessMemory or WriteProcessMemory request was completed. (0x12B)
[0604/164639.065:ERROR:process_memory_win.cc(73)] ReadMemory at 0x1a5bb745c90 of 512 bytes failed: Only part of a ReadProcessMemory or WriteProcessMemory request was completed. (0x12B)
[0604/164639.065:ERROR:process_memory_win.cc(73)] ReadMemory at 0x1a5bb760130 of 712 bytes failed: Only part of a ReadProcessMemory or WriteProcessMemory request was completed. (0x12B)
[0604/164639.065:ERROR:process_memory_win.cc(73)] ReadMemory at 0x1a5bce56c48 of 512 bytes failed: Only part of a ReadProcessMemory or WriteProcessMemory request was completed. (0x12B)
[0604/164639.065:ERROR:process_memory_win.cc(73)] ReadMemory at 0x1a5bce9b950 of 512 bytes failed: Only part of a ReadProcessMemory or WriteProcessMemory request was completed. (0x12B)
[0604/164639.065:ERROR:process_memory_win.cc(73)] ReadMemory at 0x14ab22f32c40 of 512 bytes failed: Only part of a ReadProcessMemory or WriteProcessMemory request was completed. (0x12B)
[0604/164639.065:ERROR:process_memory_win.cc(73)] ReadMemory at 0x33d816130660 of 512 bytes failed: Only part of a ReadProcessMemory or WriteProcessMemory request was completed. (0x12B)
[0604/164639.067:ERROR:process_memory_win.cc(73)] ReadMemory at 0x33d816178340 of 512 bytes failed: Only part of a ReadProcessMemory or WriteProcessMemory request was completed. (0x12B)
[0604/164639.067:ERROR:process_memory_win.cc(73)] ReadMemory at 0x64deaf486118 of 512 bytes failed: Only part of a ReadProcessMemory or WriteProcessMemory request was completed. (0x12B)
[0604/164639.067:ERROR:process_memory_win.cc(73)] ReadMemory at 0x7ff920dbf250 of 512 bytes failed: Only part of a ReadProcessMemory or WriteProcessMemory request was completed. (0x12B)
[0604/164639.067:ERROR:process_memory_win.cc(73)] ReadMemory at 0x7ff921439d30 of 512 bytes failed: Only part of a ReadProcessMemory or WriteProcessMemory request was completed. (0x12B)
[0604/164639.067:ERROR:process_memory_win.cc(73)] ReadMemory at 0x7ff9228b4446 of 512 bytes failed: Only part of a ReadProcessMemory or WriteProcessMemory request was completed. (0x12B)
[0604/164639.067:ERROR:process_memory_win.cc(73)] ReadMemory at 0x7ff922cc806c of 512 bytes failed: Only part of a ReadProcessMemory or WriteProcessMemory request was completed. (0x12B)
[0604/164639.068:ERROR:process_memory_win.cc(73)] ReadMemory at 0x7ff9485279a5 of 512 bytes failed: Only part of a ReadProcessMemory or WriteProcessMemory request was completed. (0x12B)
[0604/164639.068:ERROR:process_memory_win.cc(73)] ReadMemory at 0x7ff948528180 of 512 bytes failed: Only part of a ReadProcessMemory or WriteProcessMemory request was completed. (0x12B)
[0604/164639.068:ERROR:process_memory_win.cc(73)] ReadMemory at 0x7ff988dbc0c4 of 672 bytes failed: Only part of a ReadProcessMemory or WriteProcessMemory request was completed. (0x12B)
[0604/164639.068:ERROR:process_memory_win.cc(73)] ReadMemory at 0x7ff988dbf974 of 608 bytes failed: Only part of a ReadProcessMemory or WriteProcessMemory request was completed. (0x12B)
[0604/164639.068:ERROR:process_memory_win.cc(73)] ReadMemory at 0x7ff988e4c428 of 18 bytes failed: Only part of a ReadProcessMemory or WriteProcessMemory request was completed. (0x12B)
[0604/164639.069:ERROR:process_memory_win.cc(73)] ReadMemory at 0x7ff988e7f4f8 of 40 bytes failed: Only part of a ReadProcessMemory or WriteProcessMemory request was completed. (0x12B)
[0604/164639.069:ERROR:process_memory_win.cc(73)] ReadMemory at 0x7ff988e7f978 of 48 bytes failed: Only part of a ReadProcessMemory or WriteProcessMemory request was completed. (0x12B)
[0604/164639.069:ERROR:process_memory_win.cc(73)] ReadMemory at 0x7ff988e853c0 of 64 bytes failed: Only part of a ReadProcessMemory or WriteProcessMemory request was completed. (0x12B)
[0604/164639.081:ERROR:scoped_process_suspend.cc(40)] NtResumeProcess: An attempt was made to access an exiting process. (0xc000010a)
